\BOOKMARK [0][-]{chapter*.1}{\376\377\000\120\000\162\000\145\000\146\000\141\000\143\000\145}{}% 1
\BOOKMARK [1][-]{section.-1.1}{\376\377\000\115\000\171\000\040\000\164\000\150\000\145\000\157\000\162\000\171\000\054\000\040\000\167\000\150\000\151\000\143\000\150\000\040\000\151\000\163\000\040\000\155\000\151\000\156\000\145}{chapter*.1}% 2
\BOOKMARK [1][-]{section.-1.2}{\376\377\000\115\000\157\000\144\000\145\000\154\000\151\000\156\000\147\000\040\000\141\000\156\000\144\000\040\000\141\000\160\000\160\000\162\000\157\000\170\000\151\000\155\000\141\000\164\000\151\000\157\000\156}{chapter*.1}% 3
\BOOKMARK [1][-]{section.-1.3}{\376\377\000\127\000\157\000\162\000\153\000\151\000\156\000\147\000\040\000\167\000\151\000\164\000\150\000\040\000\164\000\150\000\145\000\040\000\143\000\157\000\144\000\145}{chapter*.1}% 4
\BOOKMARK [1][-]{section.-1.4}{\376\377\000\103\000\157\000\144\000\145\000\040\000\163\000\164\000\171\000\154\000\145}{chapter*.1}% 5
\BOOKMARK [1][-]{section.-1.5}{\376\377\000\120\000\162\000\145\000\162\000\145\000\161\000\165\000\151\000\163\000\151\000\164\000\145\000\163}{chapter*.1}% 6
\BOOKMARK [0][-]{chapter.0}{\376\377\000\102\000\141\000\171\000\145\000\163\000\047\000\163\000\040\000\124\000\150\000\145\000\157\000\162\000\145\000\155}{}% 7
\BOOKMARK [1][-]{section.0.1}{\376\377\000\103\000\157\000\156\000\144\000\151\000\164\000\151\000\157\000\156\000\141\000\154\000\040\000\160\000\162\000\157\000\142\000\141\000\142\000\151\000\154\000\151\000\164\000\171}{chapter.0}% 8
\BOOKMARK [1][-]{section.0.2}{\376\377\000\103\000\157\000\156\000\152\000\157\000\151\000\156\000\164\000\040\000\160\000\162\000\157\000\142\000\141\000\142\000\151\000\154\000\151\000\164\000\171}{chapter.0}% 9
\BOOKMARK [1][-]{section.0.3}{\376\377\000\124\000\150\000\145\000\040\000\143\000\157\000\157\000\153\000\151\000\145\000\040\000\160\000\162\000\157\000\142\000\154\000\145\000\155}{chapter.0}% 10
\BOOKMARK [1][-]{section.0.4}{\376\377\000\102\000\141\000\171\000\145\000\163\000\047\000\163\000\040\000\164\000\150\000\145\000\157\000\162\000\145\000\155}{chapter.0}% 11
\BOOKMARK [1][-]{section.0.5}{\376\377\000\124\000\150\000\145\000\040\000\144\000\151\000\141\000\143\000\150\000\162\000\157\000\156\000\151\000\143\000\040\000\151\000\156\000\164\000\145\000\162\000\160\000\162\000\145\000\164\000\141\000\164\000\151\000\157\000\156}{chapter.0}% 12
\BOOKMARK [1][-]{section.0.6}{\376\377\000\124\000\150\000\145\000\040\000\115\000\046\000\115\000\040\000\160\000\162\000\157\000\142\000\154\000\145\000\155}{chapter.0}% 13
\BOOKMARK [1][-]{section.0.7}{\376\377\000\124\000\150\000\145\000\040\000\115\000\157\000\156\000\164\000\171\000\040\000\110\000\141\000\154\000\154\000\040\000\160\000\162\000\157\000\142\000\154\000\145\000\155}{chapter.0}% 14
\BOOKMARK [1][-]{section.0.8}{\376\377\000\104\000\151\000\163\000\143\000\165\000\163\000\163\000\151\000\157\000\156}{chapter.0}% 15
\BOOKMARK [0][-]{chapter.1}{\376\377\000\103\000\157\000\155\000\160\000\165\000\164\000\141\000\164\000\151\000\157\000\156\000\141\000\154\000\040\000\123\000\164\000\141\000\164\000\151\000\163\000\164\000\151\000\143\000\163}{}% 16
\BOOKMARK [1][-]{section.1.1}{\376\377\000\104\000\151\000\163\000\164\000\162\000\151\000\142\000\165\000\164\000\151\000\157\000\156\000\163}{chapter.1}% 17
\BOOKMARK [1][-]{section.1.2}{\376\377\000\124\000\150\000\145\000\040\000\143\000\157\000\157\000\153\000\151\000\145\000\040\000\160\000\162\000\157\000\142\000\154\000\145\000\155}{chapter.1}% 18
\BOOKMARK [1][-]{section.1.3}{\376\377\000\124\000\150\000\145\000\040\000\102\000\141\000\171\000\145\000\163\000\151\000\141\000\156\000\040\000\146\000\162\000\141\000\155\000\145\000\167\000\157\000\162\000\153}{chapter.1}% 19
\BOOKMARK [1][-]{section.1.4}{\376\377\000\124\000\150\000\145\000\040\000\115\000\157\000\156\000\164\000\171\000\040\000\110\000\141\000\154\000\154\000\040\000\160\000\162\000\157\000\142\000\154\000\145\000\155}{chapter.1}% 20
\BOOKMARK [1][-]{section.1.5}{\376\377\000\105\000\156\000\143\000\141\000\160\000\163\000\165\000\154\000\141\000\164\000\151\000\156\000\147\000\040\000\164\000\150\000\145\000\040\000\146\000\162\000\141\000\155\000\145\000\167\000\157\000\162\000\153}{chapter.1}% 21
\BOOKMARK [1][-]{section.1.6}{\376\377\000\124\000\150\000\145\000\040\000\115\000\046\000\115\000\040\000\160\000\162\000\157\000\142\000\154\000\145\000\155}{chapter.1}% 22
\BOOKMARK [1][-]{section.1.7}{\376\377\000\104\000\151\000\163\000\143\000\165\000\163\000\163\000\151\000\157\000\156}{chapter.1}% 23
\BOOKMARK [1][-]{section.1.8}{\376\377\000\105\000\170\000\145\000\162\000\143\000\151\000\163\000\145\000\163}{chapter.1}% 24
\BOOKMARK [0][-]{chapter.2}{\376\377\000\105\000\163\000\164\000\151\000\155\000\141\000\164\000\151\000\157\000\156}{}% 25
\BOOKMARK [1][-]{section.2.1}{\376\377\000\124\000\150\000\145\000\040\000\144\000\151\000\143\000\145\000\040\000\160\000\162\000\157\000\142\000\154\000\145\000\155}{chapter.2}% 26
\BOOKMARK [1][-]{section.2.2}{\376\377\000\124\000\150\000\145\000\040\000\154\000\157\000\143\000\157\000\155\000\157\000\164\000\151\000\166\000\145\000\040\000\160\000\162\000\157\000\142\000\154\000\145\000\155}{chapter.2}% 27
\BOOKMARK [1][-]{section.2.3}{\376\377\000\127\000\150\000\141\000\164\000\040\000\141\000\142\000\157\000\165\000\164\000\040\000\164\000\150\000\141\000\164\000\040\000\160\000\162\000\151\000\157\000\162\000\077}{chapter.2}% 28
\BOOKMARK [1][-]{section.2.4}{\376\377\000\101\000\156\000\040\000\141\000\154\000\164\000\145\000\162\000\156\000\141\000\164\000\151\000\166\000\145\000\040\000\160\000\162\000\151\000\157\000\162}{chapter.2}% 29
\BOOKMARK [1][-]{section.2.5}{\376\377\000\103\000\162\000\145\000\144\000\151\000\142\000\154\000\145\000\040\000\151\000\156\000\164\000\145\000\162\000\166\000\141\000\154\000\163}{chapter.2}% 30
\BOOKMARK [1][-]{section.2.6}{\376\377\000\103\000\165\000\155\000\165\000\154\000\141\000\164\000\151\000\166\000\145\000\040\000\144\000\151\000\163\000\164\000\162\000\151\000\142\000\165\000\164\000\151\000\157\000\156\000\040\000\146\000\165\000\156\000\143\000\164\000\151\000\157\000\156\000\163}{chapter.2}% 31
\BOOKMARK [1][-]{section.2.7}{\376\377\000\124\000\150\000\145\000\040\000\107\000\145\000\162\000\155\000\141\000\156\000\040\000\164\000\141\000\156\000\153\000\040\000\160\000\162\000\157\000\142\000\154\000\145\000\155}{chapter.2}% 32
\BOOKMARK [1][-]{section.2.8}{\376\377\000\104\000\151\000\163\000\143\000\165\000\163\000\163\000\151\000\157\000\156}{chapter.2}% 33
\BOOKMARK [1][-]{section.2.9}{\376\377\000\105\000\170\000\145\000\162\000\143\000\151\000\163\000\145\000\163}{chapter.2}% 34
\BOOKMARK [0][-]{chapter.3}{\376\377\000\115\000\157\000\162\000\145\000\040\000\105\000\163\000\164\000\151\000\155\000\141\000\164\000\151\000\157\000\156}{}% 35
\BOOKMARK [1][-]{section.3.1}{\376\377\000\124\000\150\000\145\000\040\000\105\000\165\000\162\000\157\000\040\000\160\000\162\000\157\000\142\000\154\000\145\000\155}{chapter.3}% 36
\BOOKMARK [1][-]{section.3.2}{\376\377\000\123\000\165\000\155\000\155\000\141\000\162\000\151\000\172\000\151\000\156\000\147\000\040\000\164\000\150\000\145\000\040\000\160\000\157\000\163\000\164\000\145\000\162\000\151\000\157\000\162}{chapter.3}% 37
\BOOKMARK [1][-]{section.3.3}{\376\377\000\123\000\167\000\141\000\155\000\160\000\151\000\156\000\147\000\040\000\164\000\150\000\145\000\040\000\160\000\162\000\151\000\157\000\162\000\163}{chapter.3}% 38
\BOOKMARK [1][-]{section.3.4}{\376\377\000\117\000\160\000\164\000\151\000\155\000\151\000\172\000\141\000\164\000\151\000\157\000\156}{chapter.3}% 39
\BOOKMARK [1][-]{section.3.5}{\376\377\000\124\000\150\000\145\000\040\000\142\000\145\000\164\000\141\000\040\000\144\000\151\000\163\000\164\000\162\000\151\000\142\000\165\000\164\000\151\000\157\000\156}{chapter.3}% 40
\BOOKMARK [1][-]{section.3.6}{\376\377\000\104\000\151\000\163\000\143\000\165\000\163\000\163\000\151\000\157\000\156}{chapter.3}% 41
\BOOKMARK [1][-]{section.3.7}{\376\377\000\105\000\170\000\145\000\162\000\143\000\151\000\163\000\145\000\163}{chapter.3}% 42
\BOOKMARK [0][-]{chapter.4}{\376\377\000\117\000\144\000\144\000\163\000\040\000\141\000\156\000\144\000\040\000\101\000\144\000\144\000\145\000\156\000\144\000\163}{}% 43
\BOOKMARK [1][-]{section.4.1}{\376\377\000\117\000\144\000\144\000\163}{chapter.4}% 44
\BOOKMARK [1][-]{section.4.2}{\376\377\000\124\000\150\000\145\000\040\000\157\000\144\000\144\000\163\000\040\000\146\000\157\000\162\000\155\000\040\000\157\000\146\000\040\000\102\000\141\000\171\000\145\000\163\000\047\000\163\000\040\000\164\000\150\000\145\000\157\000\162\000\145\000\155}{chapter.4}% 45
\BOOKMARK [1][-]{section.4.3}{\376\377\000\117\000\154\000\151\000\166\000\145\000\162\000\047\000\163\000\040\000\142\000\154\000\157\000\157\000\144}{chapter.4}% 46
\BOOKMARK [1][-]{section.4.4}{\376\377\000\101\000\144\000\144\000\145\000\156\000\144\000\163}{chapter.4}% 47
\BOOKMARK [1][-]{section.4.5}{\376\377\000\115\000\141\000\170\000\151\000\155\000\141}{chapter.4}% 48
\BOOKMARK [1][-]{section.4.6}{\376\377\000\115\000\151\000\170\000\164\000\165\000\162\000\145\000\163}{chapter.4}% 49
\BOOKMARK [1][-]{section.4.7}{\376\377\000\104\000\151\000\163\000\143\000\165\000\163\000\163\000\151\000\157\000\156}{chapter.4}% 50
\BOOKMARK [0][-]{chapter.5}{\376\377\000\104\000\145\000\143\000\151\000\163\000\151\000\157\000\156\000\040\000\101\000\156\000\141\000\154\000\171\000\163\000\151\000\163}{}% 51
\BOOKMARK [1][-]{section.5.1}{\376\377\000\124\000\150\000\145\000\040\000\120\000\162\000\151\000\143\000\145\000\040\000\151\000\163\000\040\000\122\000\151\000\147\000\150\000\164\000\040\000\160\000\162\000\157\000\142\000\154\000\145\000\155}{chapter.5}% 52
\BOOKMARK [1][-]{section.5.2}{\376\377\000\124\000\150\000\145\000\040\000\160\000\162\000\151\000\157\000\162}{chapter.5}% 53
\BOOKMARK [1][-]{section.5.3}{\376\377\000\120\000\162\000\157\000\142\000\141\000\142\000\151\000\154\000\151\000\164\000\171\000\040\000\144\000\145\000\156\000\163\000\151\000\164\000\171\000\040\000\146\000\165\000\156\000\143\000\164\000\151\000\157\000\156\000\163}{chapter.5}% 54
\BOOKMARK [1][-]{section.5.4}{\376\377\000\122\000\145\000\160\000\162\000\145\000\163\000\145\000\156\000\164\000\151\000\156\000\147\000\040\000\120\000\104\000\106\000\163}{chapter.5}% 55
\BOOKMARK [1][-]{section.5.5}{\376\377\000\115\000\157\000\144\000\145\000\154\000\151\000\156\000\147\000\040\000\164\000\150\000\145\000\040\000\143\000\157\000\156\000\164\000\145\000\163\000\164\000\141\000\156\000\164\000\163}{chapter.5}% 56
\BOOKMARK [1][-]{section.5.6}{\376\377\000\114\000\151\000\153\000\145\000\154\000\151\000\150\000\157\000\157\000\144}{chapter.5}% 57
\BOOKMARK [1][-]{section.5.7}{\376\377\000\125\000\160\000\144\000\141\000\164\000\145}{chapter.5}% 58
\BOOKMARK [1][-]{section.5.8}{\376\377\000\117\000\160\000\164\000\151\000\155\000\141\000\154\000\040\000\142\000\151\000\144\000\144\000\151\000\156\000\147}{chapter.5}% 59
\BOOKMARK [1][-]{section.5.9}{\376\377\000\104\000\151\000\163\000\143\000\165\000\163\000\163\000\151\000\157\000\156}{chapter.5}% 60
\BOOKMARK [0][-]{chapter.6}{\376\377\000\120\000\162\000\145\000\144\000\151\000\143\000\164\000\151\000\157\000\156}{}% 61
\BOOKMARK [1][-]{section.6.1}{\376\377\000\124\000\150\000\145\000\040\000\102\000\157\000\163\000\164\000\157\000\156\000\040\000\102\000\162\000\165\000\151\000\156\000\163\000\040\000\160\000\162\000\157\000\142\000\154\000\145\000\155}{chapter.6}% 62
\BOOKMARK [1][-]{section.6.2}{\376\377\000\120\000\157\000\151\000\163\000\163\000\157\000\156\000\040\000\160\000\162\000\157\000\143\000\145\000\163\000\163\000\145\000\163}{chapter.6}% 63
\BOOKMARK [1][-]{section.6.3}{\376\377\000\124\000\150\000\145\000\040\000\160\000\157\000\163\000\164\000\145\000\162\000\151\000\157\000\162\000\163}{chapter.6}% 64
\BOOKMARK [1][-]{section.6.4}{\376\377\000\124\000\150\000\145\000\040\000\144\000\151\000\163\000\164\000\162\000\151\000\142\000\165\000\164\000\151\000\157\000\156\000\040\000\157\000\146\000\040\000\147\000\157\000\141\000\154\000\163}{chapter.6}% 65
\BOOKMARK [1][-]{section.6.5}{\376\377\000\124\000\150\000\145\000\040\000\160\000\162\000\157\000\142\000\141\000\142\000\151\000\154\000\151\000\164\000\171\000\040\000\157\000\146\000\040\000\167\000\151\000\156\000\156\000\151\000\156\000\147}{chapter.6}% 66
\BOOKMARK [1][-]{section.6.6}{\376\377\000\123\000\165\000\144\000\144\000\145\000\156\000\040\000\144\000\145\000\141\000\164\000\150}{chapter.6}% 67
\BOOKMARK [1][-]{section.6.7}{\376\377\000\104\000\151\000\163\000\143\000\165\000\163\000\163\000\151\000\157\000\156}{chapter.6}% 68
\BOOKMARK [1][-]{section.6.8}{\376\377\000\105\000\170\000\145\000\162\000\143\000\151\000\163\000\145\000\163}{chapter.6}% 69
\BOOKMARK [0][-]{chapter.7}{\376\377\000\117\000\142\000\163\000\145\000\162\000\166\000\145\000\162\000\040\000\102\000\151\000\141\000\163}{}% 70
\BOOKMARK [1][-]{section.7.1}{\376\377\000\124\000\150\000\145\000\040\000\122\000\145\000\144\000\040\000\114\000\151\000\156\000\145\000\040\000\160\000\162\000\157\000\142\000\154\000\145\000\155}{chapter.7}% 71
\BOOKMARK [1][-]{section.7.2}{\376\377\000\124\000\150\000\145\000\040\000\155\000\157\000\144\000\145\000\154}{chapter.7}% 72
\BOOKMARK [1][-]{section.7.3}{\376\377\000\127\000\141\000\151\000\164\000\040\000\164\000\151\000\155\000\145\000\163}{chapter.7}% 73
\BOOKMARK [1][-]{section.7.4}{\376\377\000\120\000\162\000\145\000\144\000\151\000\143\000\164\000\151\000\156\000\147\000\040\000\167\000\141\000\151\000\164\000\040\000\164\000\151\000\155\000\145\000\163}{chapter.7}% 74
\BOOKMARK [1][-]{section.7.5}{\376\377\000\105\000\163\000\164\000\151\000\155\000\141\000\164\000\151\000\156\000\147\000\040\000\164\000\150\000\145\000\040\000\141\000\162\000\162\000\151\000\166\000\141\000\154\000\040\000\162\000\141\000\164\000\145}{chapter.7}% 75
\BOOKMARK [1][-]{section.7.6}{\376\377\000\111\000\156\000\143\000\157\000\162\000\160\000\157\000\162\000\141\000\164\000\151\000\156\000\147\000\040\000\165\000\156\000\143\000\145\000\162\000\164\000\141\000\151\000\156\000\164\000\171}{chapter.7}% 76
\BOOKMARK [1][-]{section.7.7}{\376\377\000\104\000\145\000\143\000\151\000\163\000\151\000\157\000\156\000\040\000\141\000\156\000\141\000\154\000\171\000\163\000\151\000\163}{chapter.7}% 77
\BOOKMARK [1][-]{section.7.8}{\376\377\000\104\000\151\000\163\000\143\000\165\000\163\000\163\000\151\000\157\000\156}{chapter.7}% 78
\BOOKMARK [1][-]{section.7.9}{\376\377\000\105\000\170\000\145\000\162\000\143\000\151\000\163\000\145\000\163}{chapter.7}% 79
\BOOKMARK [0][-]{chapter.8}{\376\377\000\124\000\167\000\157\000\040\000\104\000\151\000\155\000\145\000\156\000\163\000\151\000\157\000\156\000\163}{}% 80
\BOOKMARK [1][-]{section.8.1}{\376\377\000\120\000\141\000\151\000\156\000\164\000\142\000\141\000\154\000\154}{chapter.8}% 81
\BOOKMARK [1][-]{section.8.2}{\376\377\000\124\000\150\000\145\000\040\000\163\000\165\000\151\000\164\000\145}{chapter.8}% 82
\BOOKMARK [1][-]{section.8.3}{\376\377\000\124\000\162\000\151\000\147\000\157\000\156\000\157\000\155\000\145\000\164\000\162\000\171}{chapter.8}% 83
\BOOKMARK [1][-]{section.8.4}{\376\377\000\114\000\151\000\153\000\145\000\154\000\151\000\150\000\157\000\157\000\144}{chapter.8}% 84
\BOOKMARK [1][-]{section.8.5}{\376\377\000\112\000\157\000\151\000\156\000\164\000\040\000\144\000\151\000\163\000\164\000\162\000\151\000\142\000\165\000\164\000\151\000\157\000\156\000\163}{chapter.8}% 85
\BOOKMARK [1][-]{section.8.6}{\376\377\000\103\000\157\000\156\000\144\000\151\000\164\000\151\000\157\000\156\000\141\000\154\000\040\000\144\000\151\000\163\000\164\000\162\000\151\000\142\000\165\000\164\000\151\000\157\000\156\000\163}{chapter.8}% 86
\BOOKMARK [1][-]{section.8.7}{\376\377\000\103\000\162\000\145\000\144\000\151\000\142\000\154\000\145\000\040\000\151\000\156\000\164\000\145\000\162\000\166\000\141\000\154\000\163}{chapter.8}% 87
\BOOKMARK [1][-]{section.8.8}{\376\377\000\104\000\151\000\163\000\143\000\165\000\163\000\163\000\151\000\157\000\156}{chapter.8}% 88
\BOOKMARK [1][-]{section.8.9}{\376\377\000\105\000\170\000\145\000\162\000\143\000\151\000\163\000\145\000\163}{chapter.8}% 89
\BOOKMARK [0][-]{chapter.9}{\376\377\000\101\000\160\000\160\000\162\000\157\000\170\000\151\000\155\000\141\000\164\000\145\000\040\000\102\000\141\000\171\000\145\000\163\000\151\000\141\000\156\000\040\000\103\000\157\000\155\000\160\000\165\000\164\000\141\000\164\000\151\000\157\000\156}{}% 90
\BOOKMARK [1][-]{section.9.1}{\376\377\000\124\000\150\000\145\000\040\000\126\000\141\000\162\000\151\000\141\000\142\000\151\000\154\000\151\000\164\000\171\000\040\000\110\000\171\000\160\000\157\000\164\000\150\000\145\000\163\000\151\000\163}{chapter.9}% 91
\BOOKMARK [1][-]{section.9.2}{\376\377\000\115\000\145\000\141\000\156\000\040\000\141\000\156\000\144\000\040\000\163\000\164\000\141\000\156\000\144\000\141\000\162\000\144\000\040\000\144\000\145\000\166\000\151\000\141\000\164\000\151\000\157\000\156}{chapter.9}% 92
\BOOKMARK [1][-]{section.9.3}{\376\377\000\125\000\160\000\144\000\141\000\164\000\145}{chapter.9}% 93
\BOOKMARK [1][-]{section.9.4}{\376\377\000\124\000\150\000\145\000\040\000\160\000\157\000\163\000\164\000\145\000\162\000\151\000\157\000\162\000\040\000\144\000\151\000\163\000\164\000\162\000\151\000\142\000\165\000\164\000\151\000\157\000\156\000\040\000\157\000\146\000\040\000\103\000\126}{chapter.9}% 94
\BOOKMARK [1][-]{section.9.5}{\376\377\000\125\000\156\000\144\000\145\000\162\000\146\000\154\000\157\000\167}{chapter.9}% 95
\BOOKMARK [1][-]{section.9.6}{\376\377\000\114\000\157\000\147\000\055\000\154\000\151\000\153\000\145\000\154\000\151\000\150\000\157\000\157\000\144}{chapter.9}% 96
\BOOKMARK [1][-]{section.9.7}{\376\377\000\101\000\040\000\154\000\151\000\164\000\164\000\154\000\145\000\040\000\157\000\160\000\164\000\151\000\155\000\151\000\172\000\141\000\164\000\151\000\157\000\156}{chapter.9}% 97
\BOOKMARK [1][-]{section.9.8}{\376\377\000\101\000\102\000\103}{chapter.9}% 98
\BOOKMARK [1][-]{section.9.9}{\376\377\000\122\000\157\000\142\000\165\000\163\000\164\000\040\000\145\000\163\000\164\000\151\000\155\000\141\000\164\000\151\000\157\000\156}{chapter.9}% 99
\BOOKMARK [1][-]{section.9.10}{\376\377\000\127\000\150\000\157\000\040\000\151\000\163\000\040\000\155\000\157\000\162\000\145\000\040\000\166\000\141\000\162\000\151\000\141\000\142\000\154\000\145\000\077}{chapter.9}% 100
\BOOKMARK [1][-]{section.9.11}{\376\377\000\104\000\151\000\163\000\143\000\165\000\163\000\163\000\151\000\157\000\156}{chapter.9}% 101
\BOOKMARK [1][-]{section.9.12}{\376\377\000\105\000\170\000\145\000\162\000\143\000\151\000\163\000\145\000\163}{chapter.9}% 102
\BOOKMARK [0][-]{chapter.10}{\376\377\000\110\000\171\000\160\000\157\000\164\000\150\000\145\000\163\000\151\000\163\000\040\000\124\000\145\000\163\000\164\000\151\000\156\000\147}{}% 103
\BOOKMARK [1][-]{section.10.1}{\376\377\000\102\000\141\000\143\000\153\000\040\000\164\000\157\000\040\000\164\000\150\000\145\000\040\000\105\000\165\000\162\000\157\000\040\000\160\000\162\000\157\000\142\000\154\000\145\000\155}{chapter.10}% 104
\BOOKMARK [1][-]{section.10.2}{\376\377\000\115\000\141\000\153\000\151\000\156\000\147\000\040\000\141\000\040\000\146\000\141\000\151\000\162\000\040\000\143\000\157\000\155\000\160\000\141\000\162\000\151\000\163\000\157\000\156}{chapter.10}% 105
\BOOKMARK [1][-]{section.10.3}{\376\377\000\124\000\150\000\145\000\040\000\164\000\162\000\151\000\141\000\156\000\147\000\154\000\145\000\040\000\160\000\162\000\151\000\157\000\162}{chapter.10}% 106
\BOOKMARK [1][-]{section.10.4}{\376\377\000\104\000\151\000\163\000\143\000\165\000\163\000\163\000\151\000\157\000\156}{chapter.10}% 107
\BOOKMARK [1][-]{section.10.5}{\376\377\000\105\000\170\000\145\000\162\000\143\000\151\000\163\000\145\000\163}{chapter.10}% 108
\BOOKMARK [0][-]{chapter.11}{\376\377\000\105\000\166\000\151\000\144\000\145\000\156\000\143\000\145}{}% 109
\BOOKMARK [1][-]{section.11.1}{\376\377\000\111\000\156\000\164\000\145\000\162\000\160\000\162\000\145\000\164\000\151\000\156\000\147\000\040\000\123\000\101\000\124\000\040\000\163\000\143\000\157\000\162\000\145\000\163}{chapter.11}% 110
\BOOKMARK [1][-]{section.11.2}{\376\377\000\124\000\150\000\145\000\040\000\163\000\143\000\141\000\154\000\145}{chapter.11}% 111
\BOOKMARK [1][-]{section.11.3}{\376\377\000\124\000\150\000\145\000\040\000\160\000\162\000\151\000\157\000\162}{chapter.11}% 112
\BOOKMARK [1][-]{section.11.4}{\376\377\000\120\000\157\000\163\000\164\000\145\000\162\000\151\000\157\000\162}{chapter.11}% 113
\BOOKMARK [1][-]{section.11.5}{\376\377\000\101\000\040\000\142\000\145\000\164\000\164\000\145\000\162\000\040\000\155\000\157\000\144\000\145\000\154}{chapter.11}% 114
\BOOKMARK [1][-]{section.11.6}{\376\377\000\103\000\141\000\154\000\151\000\142\000\162\000\141\000\164\000\151\000\157\000\156}{chapter.11}% 115
\BOOKMARK [1][-]{section.11.7}{\376\377\000\120\000\157\000\163\000\164\000\145\000\162\000\151\000\157\000\162\000\040\000\144\000\151\000\163\000\164\000\162\000\151\000\142\000\165\000\164\000\151\000\157\000\156\000\040\000\157\000\146\000\040\000\145\000\146\000\146\000\151\000\143\000\141\000\143\000\171}{chapter.11}% 116
\BOOKMARK [1][-]{section.11.8}{\376\377\000\120\000\162\000\145\000\144\000\151\000\143\000\164\000\151\000\166\000\145\000\040\000\144\000\151\000\163\000\164\000\162\000\151\000\142\000\165\000\164\000\151\000\157\000\156}{chapter.11}% 117
\BOOKMARK [1][-]{section.11.9}{\376\377\000\104\000\151\000\163\000\143\000\165\000\163\000\163\000\151\000\157\000\156}{chapter.11}% 118
\BOOKMARK [0][-]{chapter.12}{\376\377\000\123\000\151\000\155\000\165\000\154\000\141\000\164\000\151\000\157\000\156}{}% 119
\BOOKMARK [1][-]{section.12.1}{\376\377\000\124\000\150\000\145\000\040\000\113\000\151\000\144\000\156\000\145\000\171\000\040\000\124\000\165\000\155\000\157\000\162\000\040\000\160\000\162\000\157\000\142\000\154\000\145\000\155}{chapter.12}% 120
\BOOKMARK [1][-]{section.12.2}{\376\377\000\101\000\040\000\163\000\151\000\155\000\160\000\154\000\145\000\040\000\155\000\157\000\144\000\145\000\154}{chapter.12}% 121
\BOOKMARK [1][-]{section.12.3}{\376\377\000\101\000\040\000\155\000\157\000\162\000\145\000\040\000\147\000\145\000\156\000\145\000\162\000\141\000\154\000\040\000\155\000\157\000\144\000\145\000\154}{chapter.12}% 122
\BOOKMARK [1][-]{section.12.4}{\376\377\000\111\000\155\000\160\000\154\000\145\000\155\000\145\000\156\000\164\000\141\000\164\000\151\000\157\000\156}{chapter.12}% 123
\BOOKMARK [1][-]{section.12.5}{\376\377\000\103\000\141\000\143\000\150\000\151\000\156\000\147\000\040\000\164\000\150\000\145\000\040\000\152\000\157\000\151\000\156\000\164\000\040\000\144\000\151\000\163\000\164\000\162\000\151\000\142\000\165\000\164\000\151\000\157\000\156}{chapter.12}% 124
\BOOKMARK [1][-]{section.12.6}{\376\377\000\103\000\157\000\156\000\144\000\151\000\164\000\151\000\157\000\156\000\141\000\154\000\040\000\144\000\151\000\163\000\164\000\162\000\151\000\142\000\165\000\164\000\151\000\157\000\156\000\163}{chapter.12}% 125
\BOOKMARK [1][-]{section.12.7}{\376\377\000\123\000\145\000\162\000\151\000\141\000\154\000\040\000\103\000\157\000\162\000\162\000\145\000\154\000\141\000\164\000\151\000\157\000\156}{chapter.12}% 126
\BOOKMARK [1][-]{section.12.8}{\376\377\000\104\000\151\000\163\000\143\000\165\000\163\000\163\000\151\000\157\000\156}{chapter.12}% 127
\BOOKMARK [0][-]{chapter.13}{\376\377\000\101\000\040\000\110\000\151\000\145\000\162\000\141\000\162\000\143\000\150\000\151\000\143\000\141\000\154\000\040\000\115\000\157\000\144\000\145\000\154}{}% 128
\BOOKMARK [1][-]{section.13.1}{\376\377\000\124\000\150\000\145\000\040\000\107\000\145\000\151\000\147\000\145\000\162\000\040\000\143\000\157\000\165\000\156\000\164\000\145\000\162\000\040\000\160\000\162\000\157\000\142\000\154\000\145\000\155}{chapter.13}% 129
\BOOKMARK [1][-]{section.13.2}{\376\377\000\123\000\164\000\141\000\162\000\164\000\040\000\163\000\151\000\155\000\160\000\154\000\145}{chapter.13}% 130
\BOOKMARK [1][-]{section.13.3}{\376\377\000\115\000\141\000\153\000\145\000\040\000\151\000\164\000\040\000\150\000\151\000\145\000\162\000\141\000\162\000\143\000\150\000\151\000\143\000\141\000\154}{chapter.13}% 131
\BOOKMARK [1][-]{section.13.4}{\376\377\000\101\000\040\000\154\000\151\000\164\000\164\000\154\000\145\000\040\000\157\000\160\000\164\000\151\000\155\000\151\000\172\000\141\000\164\000\151\000\157\000\156}{chapter.13}% 132
\BOOKMARK [1][-]{section.13.5}{\376\377\000\105\000\170\000\164\000\162\000\141\000\143\000\164\000\151\000\156\000\147\000\040\000\164\000\150\000\145\000\040\000\160\000\157\000\163\000\164\000\145\000\162\000\151\000\157\000\162\000\163}{chapter.13}% 133
\BOOKMARK [1][-]{section.13.6}{\376\377\000\104\000\151\000\163\000\143\000\165\000\163\000\163\000\151\000\157\000\156}{chapter.13}% 134
\BOOKMARK [1][-]{section.13.7}{\376\377\000\105\000\170\000\145\000\162\000\143\000\151\000\163\000\145\000\163}{chapter.13}% 135
\BOOKMARK [0][-]{chapter.14}{\376\377\000\104\000\145\000\141\000\154\000\151\000\156\000\147\000\040\000\167\000\151\000\164\000\150\000\040\000\104\000\151\000\155\000\145\000\156\000\163\000\151\000\157\000\156\000\163}{}% 136
\BOOKMARK [1][-]{section.14.1}{\376\377\000\102\000\145\000\154\000\154\000\171\000\040\000\142\000\165\000\164\000\164\000\157\000\156\000\040\000\142\000\141\000\143\000\164\000\145\000\162\000\151\000\141}{chapter.14}% 137
\BOOKMARK [1][-]{section.14.2}{\376\377\000\114\000\151\000\157\000\156\000\163\000\040\000\141\000\156\000\144\000\040\000\164\000\151\000\147\000\145\000\162\000\163\000\040\000\141\000\156\000\144\000\040\000\142\000\145\000\141\000\162\000\163}{chapter.14}% 138
\BOOKMARK [1][-]{section.14.3}{\376\377\000\124\000\150\000\145\000\040\000\150\000\151\000\145\000\162\000\141\000\162\000\143\000\150\000\151\000\143\000\141\000\154\000\040\000\166\000\145\000\162\000\163\000\151\000\157\000\156}{chapter.14}% 139
\BOOKMARK [1][-]{section.14.4}{\376\377\000\122\000\141\000\156\000\144\000\157\000\155\000\040\000\163\000\141\000\155\000\160\000\154\000\151\000\156\000\147}{chapter.14}% 140
\BOOKMARK [1][-]{section.14.5}{\376\377\000\117\000\160\000\164\000\151\000\155\000\151\000\172\000\141\000\164\000\151\000\157\000\156}{chapter.14}% 141
\BOOKMARK [1][-]{section.14.6}{\376\377\000\103\000\157\000\154\000\154\000\141\000\160\000\163\000\151\000\156\000\147\000\040\000\164\000\150\000\145\000\040\000\150\000\151\000\145\000\162\000\141\000\162\000\143\000\150\000\171}{chapter.14}% 142
\BOOKMARK [1][-]{section.14.7}{\376\377\000\117\000\156\000\145\000\040\000\155\000\157\000\162\000\145\000\040\000\160\000\162\000\157\000\142\000\154\000\145\000\155}{chapter.14}% 143
\BOOKMARK [1][-]{section.14.8}{\376\377\000\127\000\145\000\047\000\162\000\145\000\040\000\156\000\157\000\164\000\040\000\144\000\157\000\156\000\145\000\040\000\171\000\145\000\164}{chapter.14}% 144
\BOOKMARK [1][-]{section.14.9}{\376\377\000\124\000\150\000\145\000\040\000\142\000\145\000\154\000\154\000\171\000\040\000\142\000\165\000\164\000\164\000\157\000\156\000\040\000\144\000\141\000\164\000\141}{chapter.14}% 145
\BOOKMARK [1][-]{section.14.10}{\376\377\000\120\000\162\000\145\000\144\000\151\000\143\000\164\000\151\000\166\000\145\000\040\000\144\000\151\000\163\000\164\000\162\000\151\000\142\000\165\000\164\000\151\000\157\000\156\000\163}{chapter.14}% 146
\BOOKMARK [1][-]{section.14.11}{\376\377\000\112\000\157\000\151\000\156\000\164\000\040\000\160\000\157\000\163\000\164\000\145\000\162\000\151\000\157\000\162}{chapter.14}% 147
\BOOKMARK [1][-]{section.14.12}{\376\377\000\103\000\157\000\166\000\145\000\162\000\141\000\147\000\145}{chapter.14}% 148
\BOOKMARK [1][-]{section.14.13}{\376\377\000\104\000\151\000\163\000\143\000\165\000\163\000\163\000\151\000\157\000\156}{chapter.14}% 149
